{"/Users/liampercy/Documents/repos/Assignment_Repo/Web/server/src/Server.ts": {"path":"/Users/liampercy/Documents/repos/Assignment_Repo/Web/server/src/Server.ts","statementMap":{"0":{"start":{"line":2,"column":0},"end":{"line":2,"column":31}},"1":{"start":{"line":4,"column":0},"end":{"line":4,"column":24}},"2":{"start":{"line":5,"column":0},"end":{"line":5,"column":24}},"3":{"start":{"line":6,"column":0},"end":{"line":6,"column":28}},"4":{"start":{"line":7,"column":0},"end":{"line":7,"column":53}},"5":{"start":{"line":8,"column":0},"end":{"line":8,"column":35}},"6":{"start":{"line":9,"column":0},"end":{"line":9,"column":36}},"7":{"start":{"line":10,"column":0},"end":{"line":10,"column":43}},"8":{"start":{"line":13,"column":0},"end":{"line":13,"column":43}},"9":{"start":{"line":14,"column":0},"end":{"line":14,"column":37}},"10":{"start":{"line":26,"column":12},"end":{"line":26,"column":21}},"11":{"start":{"line":27,"column":13},"end":{"line":27,"column":40}},"12":{"start":{"line":28,"column":11},"end":{"line":28,"column":76}},"13":{"start":{"line":29,"column":15},"end":{"line":29,"column":23}},"14":{"start":{"line":34,"column":0},"end":{"line":34,"column":68}},"15":{"start":{"line":35,"column":0},"end":{"line":35,"column":31}},"16":{"start":{"line":36,"column":0},"end":{"line":36,"column":24}},"17":{"start":{"line":37,"column":0},"end":{"line":37,"column":48}},"18":{"start":{"line":38,"column":0},"end":{"line":38,"column":57}},"19":{"start":{"line":43,"column":11},"end":{"line":87,"column":2}},"20":{"start":{"line":44,"column":1},"end":{"line":86,"column":null}},"21":{"start":{"line":45,"column":2},"end":{"line":45,"column":29}},"22":{"start":{"line":46,"column":2},"end":{"line":46,"column":12}},"23":{"start":{"line":48,"column":2},"end":{"line":48,"column":62}},"24":{"start":{"line":50,"column":2},"end":{"line":69,"column":4}},"25":{"start":{"line":62,"column":4},"end":{"line":67,"column":null}},"26":{"start":{"line":63,"column":5},"end":{"line":63,"column":24}},"27":{"start":{"line":64,"column":5},"end":{"line":64,"column":15}},"28":{"start":{"line":66,"column":5},"end":{"line":66,"column":42}},"29":{"start":{"line":71,"column":2},"end":{"line":85,"column":4}},"30":{"start":{"line":78,"column":4},"end":{"line":83,"column":null}},"31":{"start":{"line":79,"column":5},"end":{"line":79,"column":24}},"32":{"start":{"line":80,"column":5},"end":{"line":80,"column":15}},"33":{"start":{"line":82,"column":5},"end":{"line":82,"column":42}},"34":{"start":{"line":92,"column":0},"end":{"line":117,"column":3}},"35":{"start":{"line":93,"column":1},"end":{"line":93,"column":64}},"36":{"start":{"line":95,"column":1},"end":{"line":97,"column":4}},"37":{"start":{"line":96,"column":2},"end":{"line":96,"column":72}},"38":{"start":{"line":126,"column":0},"end":{"line":180,"column":3}},"39":{"start":{"line":127,"column":1},"end":{"line":127,"column":35}},"40":{"start":{"line":129,"column":24},"end":{"line":129,"column":57}},"41":{"start":{"line":130,"column":24},"end":{"line":130,"column":57}},"42":{"start":{"line":131,"column":26},"end":{"line":131,"column":61}},"43":{"start":{"line":133,"column":1},"end":{"line":144,"column":null}},"44":{"start":{"line":134,"column":2},"end":{"line":143,"column":4}},"45":{"start":{"line":139,"column":4},"end":{"line":141,"column":null}},"46":{"start":{"line":140,"column":5},"end":{"line":140,"column":32}},"47":{"start":{"line":146,"column":1},"end":{"line":157,"column":null}},"48":{"start":{"line":147,"column":2},"end":{"line":156,"column":4}},"49":{"start":{"line":152,"column":4},"end":{"line":154,"column":null}},"50":{"start":{"line":153,"column":5},"end":{"line":153,"column":32}},"51":{"start":{"line":159,"column":1},"end":{"line":170,"column":null}},"52":{"start":{"line":160,"column":2},"end":{"line":169,"column":4}},"53":{"start":{"line":165,"column":4},"end":{"line":167,"column":null}},"54":{"start":{"line":166,"column":5},"end":{"line":166,"column":32}},"55":{"start":{"line":172,"column":1},"end":{"line":172,"column":35}},"56":{"start":{"line":174,"column":1},"end":{"line":178,"column":4}},"57":{"start":{"line":179,"column":1},"end":{"line":179,"column":21}},"58":{"start":{"line":185,"column":0},"end":{"line":194,"column":3}},"59":{"start":{"line":186,"column":1},"end":{"line":193,"column":4}},"60":{"start":{"line":187,"column":2},"end":{"line":192,"column":null}},"61":{"start":{"line":188,"column":3},"end":{"line":188,"column":30}},"62":{"start":{"line":189,"column":3},"end":{"line":189,"column":48}},"63":{"start":{"line":191,"column":3},"end":{"line":191,"column":40}},"64":{"start":{"line":199,"column":0},"end":{"line":217,"column":3}},"65":{"start":{"line":200,"column":1},"end":{"line":200,"column":36}},"66":{"start":{"line":202,"column":76},"end":{"line":202,"column":84}},"67":{"start":{"line":204,"column":1},"end":{"line":213,"column":3}},"68":{"start":{"line":209,"column":3},"end":{"line":211,"column":null}},"69":{"start":{"line":210,"column":4},"end":{"line":210,"column":31}},"70":{"start":{"line":215,"column":1},"end":{"line":215,"column":29}},"71":{"start":{"line":216,"column":1},"end":{"line":216,"column":21}},"72":{"start":{"line":222,"column":0},"end":{"line":231,"column":3}},"73":{"start":{"line":223,"column":1},"end":{"line":230,"column":4}},"74":{"start":{"line":224,"column":2},"end":{"line":229,"column":null}},"75":{"start":{"line":225,"column":3},"end":{"line":225,"column":30}},"76":{"start":{"line":226,"column":3},"end":{"line":226,"column":48}},"77":{"start":{"line":228,"column":3},"end":{"line":228,"column":30}},"78":{"start":{"line":237,"column":13},"end":{"line":237,"column":17}},"79":{"start":{"line":240,"column":0},"end":{"line":240,"column":75}},"80":{"start":{"line":240,"column":26},"end":{"line":240,"column":73}},"81":{"start":{"line":243,"column":0},"end":{"line":250,"column":3}},"82":{"start":{"line":244,"column":1},"end":{"line":249,"column":4}},"83":{"start":{"line":245,"column":2},"end":{"line":247,"column":null}},"84":{"start":{"line":246,"column":3},"end":{"line":246,"column":37}},"85":{"start":{"line":248,"column":2},"end":{"line":248,"column":48}}},"fnMap":{"0":{"name":"(anonymous_1)","decl":{"start":{"line":43,"column":36},"end":{"line":43,"column":39}},"loc":{"start":{"line":43,"column":42},"end":{"line":87,"column":1}}},"1":{"name":"(anonymous_2)","decl":{"start":{"line":61,"column":3},"end":{"line":61,"column":6}},"loc":{"start":{"line":61,"column":9},"end":{"line":68,"column":4}}},"2":{"name":"(anonymous_3)","decl":{"start":{"line":77,"column":3},"end":{"line":77,"column":6}},"loc":{"start":{"line":77,"column":9},"end":{"line":84,"column":4}}},"3":{"name":"(anonymous_4)","decl":{"start":{"line":92,"column":20},"end":{"line":92,"column":21}},"loc":{"start":{"line":92,"column":39},"end":{"line":117,"column":1}}},"4":{"name":"(anonymous_5)","decl":{"start":{"line":95,"column":25},"end":{"line":95,"column":28}},"loc":{"start":{"line":95,"column":30},"end":{"line":97,"column":2}}},"5":{"name":"(anonymous_6)","decl":{"start":{"line":126,"column":42},"end":{"line":126,"column":47}},"loc":{"start":{"line":126,"column":99},"end":{"line":180,"column":1}}},"6":{"name":"(anonymous_7)","decl":{"start":{"line":138,"column":3},"end":{"line":138,"column":6}},"loc":{"start":{"line":138,"column":9},"end":{"line":142,"column":4}}},"7":{"name":"(anonymous_8)","decl":{"start":{"line":151,"column":3},"end":{"line":151,"column":6}},"loc":{"start":{"line":151,"column":9},"end":{"line":155,"column":4}}},"8":{"name":"(anonymous_9)","decl":{"start":{"line":164,"column":3},"end":{"line":164,"column":6}},"loc":{"start":{"line":164,"column":9},"end":{"line":168,"column":4}}},"9":{"name":"(anonymous_10)","decl":{"start":{"line":185,"column":19},"end":{"line":185,"column":24}},"loc":{"start":{"line":185,"column":57},"end":{"line":194,"column":1}}},"10":{"name":"(anonymous_11)","decl":{"start":{"line":186,"column":59},"end":{"line":186,"column":60}},"loc":{"start":{"line":186,"column":73},"end":{"line":193,"column":2}}},"11":{"name":"(anonymous_12)","decl":{"start":{"line":199,"column":20},"end":{"line":199,"column":25}},"loc":{"start":{"line":199,"column":78},"end":{"line":217,"column":1}}},"12":{"name":"(anonymous_13)","decl":{"start":{"line":208,"column":2},"end":{"line":208,"column":5}},"loc":{"start":{"line":208,"column":8},"end":{"line":212,"column":3}}},"13":{"name":"(anonymous_14)","decl":{"start":{"line":222,"column":19},"end":{"line":222,"column":24}},"loc":{"start":{"line":222,"column":57},"end":{"line":231,"column":1}}},"14":{"name":"(anonymous_15)","decl":{"start":{"line":223,"column":59},"end":{"line":223,"column":60}},"loc":{"start":{"line":223,"column":73},"end":{"line":230,"column":2}}},"15":{"name":"(anonymous_16)","decl":{"start":{"line":240,"column":20},"end":{"line":240,"column":23}},"loc":{"start":{"line":240,"column":26},"end":{"line":240,"column":73}}},"16":{"name":"(anonymous_17)","decl":{"start":{"line":243,"column":19},"end":{"line":243,"column":22}},"loc":{"start":{"line":243,"column":24},"end":{"line":250,"column":1}}},"17":{"name":"(anonymous_18)","decl":{"start":{"line":244,"column":10},"end":{"line":244,"column":13}},"loc":{"start":{"line":244,"column":16},"end":{"line":249,"column":2}}}},"branchMap":{"0":{"loc":{"start":{"line":44,"column":1},"end":{"line":86,"column":null}},"type":"if","locations":[{"start":{"line":44,"column":1},"end":{"line":86,"column":null}},{"start":{"line":47,"column":8},"end":{"line":86,"column":null}}]},"1":{"loc":{"start":{"line":62,"column":4},"end":{"line":67,"column":null}},"type":"if","locations":[{"start":{"line":62,"column":4},"end":{"line":67,"column":null}},{"start":{"line":65,"column":11},"end":{"line":67,"column":null}}]},"2":{"loc":{"start":{"line":78,"column":4},"end":{"line":83,"column":null}},"type":"if","locations":[{"start":{"line":78,"column":4},"end":{"line":83,"column":null}},{"start":{"line":81,"column":11},"end":{"line":83,"column":null}}]},"3":{"loc":{"start":{"line":133,"column":1},"end":{"line":144,"column":null}},"type":"if","locations":[{"start":{"line":133,"column":1},"end":{"line":144,"column":null}}]},"4":{"loc":{"start":{"line":139,"column":4},"end":{"line":141,"column":null}},"type":"if","locations":[{"start":{"line":139,"column":4},"end":{"line":141,"column":null}}]},"5":{"loc":{"start":{"line":146,"column":1},"end":{"line":157,"column":null}},"type":"if","locations":[{"start":{"line":146,"column":1},"end":{"line":157,"column":null}}]},"6":{"loc":{"start":{"line":152,"column":4},"end":{"line":154,"column":null}},"type":"if","locations":[{"start":{"line":152,"column":4},"end":{"line":154,"column":null}}]},"7":{"loc":{"start":{"line":159,"column":1},"end":{"line":170,"column":null}},"type":"if","locations":[{"start":{"line":159,"column":1},"end":{"line":170,"column":null}}]},"8":{"loc":{"start":{"line":165,"column":4},"end":{"line":167,"column":null}},"type":"if","locations":[{"start":{"line":165,"column":4},"end":{"line":167,"column":null}}]},"9":{"loc":{"start":{"line":187,"column":2},"end":{"line":192,"column":null}},"type":"if","locations":[{"start":{"line":187,"column":2},"end":{"line":192,"column":null}},{"start":{"line":190,"column":9},"end":{"line":192,"column":null}}]},"10":{"loc":{"start":{"line":209,"column":3},"end":{"line":211,"column":null}},"type":"if","locations":[{"start":{"line":209,"column":3},"end":{"line":211,"column":null}}]},"11":{"loc":{"start":{"line":224,"column":2},"end":{"line":229,"column":null}},"type":"if","locations":[{"start":{"line":224,"column":2},"end":{"line":229,"column":null}},{"start":{"line":227,"column":9},"end":{"line":229,"column":null}}]},"12":{"loc":{"start":{"line":245,"column":2},"end":{"line":247,"column":null}},"type":"if","locations":[{"start":{"line":245,"column":2},"end":{"line":247,"column":null}}]}},"s":{"0":1,"1":1,"2":1,"3":1,"4":1,"5":1,"6":1,"7":1,"8":1,"9":1,"10":1,"11":1,"12":1,"13":1,"14":1,"15":1,"16":1,"17":1,"18":1,"19":1,"20":1,"21":0,"22":0,"23":1,"24":1,"25":1,"26":0,"27":0,"28":1,"29":1,"30":1,"31":0,"32":0,"33":1,"34":1,"35":0,"36":0,"37":0,"38":1,"39":1,"40":1,"41":1,"42":1,"43":1,"44":1,"45":1,"46":0,"47":1,"48":0,"49":0,"50":0,"51":1,"52":0,"53":0,"54":0,"55":1,"56":1,"57":1,"58":1,"59":1,"60":1,"61":0,"62":0,"63":1,"64":1,"65":1,"66":1,"67":1,"68":1,"69":0,"70":1,"71":1,"72":1,"73":1,"74":1,"75":0,"76":0,"77":1,"78":1,"79":1,"80":1,"81":1,"82":0,"83":0,"84":0,"85":0},"f":{"0":1,"1":1,"2":1,"3":0,"4":0,"5":1,"6":1,"7":0,"8":0,"9":1,"10":1,"11":1,"12":1,"13":1,"14":1,"15":1,"16":0,"17":0},"b":{"0":[0,1],"1":[0,1],"2":[0,1],"3":[1],"4":[0],"5":[0],"6":[0],"7":[0],"8":[0],"9":[0,1],"10":[0],"11":[0,1],"12":[0]}}
}
