TN:
SF:src/Server.ts
FN:43,(anonymous_1)
FN:61,(anonymous_2)
FN:77,(anonymous_3)
FN:92,(anonymous_4)
FN:95,(anonymous_5)
FN:126,(anonymous_6)
FN:138,(anonymous_7)
FN:151,(anonymous_8)
FN:164,(anonymous_9)
FN:185,(anonymous_10)
FN:186,(anonymous_11)
FN:199,(anonymous_12)
FN:208,(anonymous_13)
FN:222,(anonymous_14)
FN:223,(anonymous_15)
FN:240,(anonymous_16)
FN:243,(anonymous_17)
FN:244,(anonymous_18)
FNF:18
FNH:12
FNDA:1,(anonymous_1)
FNDA:1,(anonymous_2)
FNDA:1,(anonymous_3)
FNDA:0,(anonymous_4)
FNDA:0,(anonymous_5)
FNDA:1,(anonymous_6)
FNDA:1,(anonymous_7)
FNDA:0,(anonymous_8)
FNDA:0,(anonymous_9)
FNDA:1,(anonymous_10)
FNDA:1,(anonymous_11)
FNDA:1,(anonymous_12)
FNDA:1,(anonymous_13)
FNDA:1,(anonymous_14)
FNDA:1,(anonymous_15)
FNDA:1,(anonymous_16)
FNDA:0,(anonymous_17)
FNDA:0,(anonymous_18)
DA:2,1
DA:4,1
DA:5,1
DA:6,1
DA:7,1
DA:8,1
DA:9,1
DA:10,1
DA:13,1
DA:14,1
DA:26,1
DA:27,1
DA:28,1
DA:29,1
DA:34,1
DA:35,1
DA:36,1
DA:37,1
DA:38,1
DA:43,1
DA:44,1
DA:45,0
DA:46,0
DA:48,1
DA:50,1
DA:62,1
DA:63,0
DA:64,0
DA:66,1
DA:71,1
DA:78,1
DA:79,0
DA:80,0
DA:82,1
DA:92,1
DA:93,0
DA:95,0
DA:96,0
DA:126,1
DA:127,1
DA:129,1
DA:130,1
DA:131,1
DA:133,1
DA:134,1
DA:139,1
DA:140,0
DA:146,1
DA:147,0
DA:152,0
DA:153,0
DA:159,1
DA:160,0
DA:165,0
DA:166,0
DA:172,1
DA:174,1
DA:179,1
DA:185,1
DA:186,1
DA:187,1
DA:188,0
DA:189,0
DA:191,1
DA:199,1
DA:200,1
DA:202,1
DA:204,1
DA:209,1
DA:210,0
DA:215,1
DA:216,1
DA:222,1
DA:223,1
DA:224,1
DA:225,0
DA:226,0
DA:228,1
DA:237,1
DA:240,1
DA:243,1
DA:244,0
DA:245,0
DA:246,0
DA:248,0
LF:85
LH:60
BRDA:44,0,0,0
BRDA:44,0,1,1
BRDA:62,1,0,0
BRDA:62,1,1,1
BRDA:78,2,0,0
BRDA:78,2,1,1
BRDA:133,3,0,1
BRDA:139,4,0,0
BRDA:146,5,0,0
BRDA:152,6,0,0
BRDA:159,7,0,0
BRDA:165,8,0,0
BRDA:187,9,0,0
BRDA:187,9,1,1
BRDA:209,10,0,0
BRDA:224,11,0,0
BRDA:224,11,1,1
BRDA:245,12,0,0
BRF:18
BRH:6
end_of_record
